<?xml version="1.0" encoding="UTF-8"?>
<!-- Generated by org.testng.reporters.JUnitReportReporter -->
<testsuite hostname="Admin-PC" failures="0" tests="6" name="com.TestNG.TestNGRunner" time="84.708" errors="0" timestamp="09 Feb 2025 16:55:07 GMT" skipped="0">
  <testcase classname="com.TestNG.TestNGRunner" name="testRegPage" time="12.952"/>
  <testcase classname="com.TestNG.TestNGRunner" name="testRegPage" time="21.558"/>
  <testcase classname="com.TestNG.TestNGRunner" name="testRegPage" time="12.437"/>
  <testcase classname="com.TestNG.TestNGRunner" name="testRegPage" time="12.897"/>
  <testcase classname="com.TestNG.TestNGRunner" name="testRegPage" time="12.190"/>
  <testcase classname="com.TestNG.TestNGRunner" name="testRegPage" time="12.674"/>
</testsuite> <!-- com.TestNG.TestNGRunner -->
